Using pre-set license
Built from '2020.2/release' branch; Version is '2020.2.1f1 (270dd8c3da1c) revision 2559448'; Using compiler version '192528614'; Build Type 'Release'
OS: 'Windows 10  (10.0.0) 64bit' Language: 'en' Physical Memory: 16332 MB
BatchMode: 1, IsHumanControllingUs: 0, StartBugReporterOnCrash: 0, Is64bit: 1, IsPro: 0

 COMMAND LINE ARGUMENTS:
D:\2020.2.1f1\Editor\Unity.exe
-adb2
-batchMode
-noUpm
-name
AssetImportWorker0
-projectPath
D:/GitHub/UnityProjects/Space Game
-logFile
Logs/AssetImportWorker0.log
-srvPort
54266
Successfully changed project path to: D:/GitHub/UnityProjects/Space Game
D:/GitHub/UnityProjects/Space Game
Using Asset Import Pipeline V2.
Refreshing native plugins compatible for Editor in 19.94 ms, found 0 plugins.
Preloading 0 native plugins for Editor in 0.00 ms.
Initialize engine version: 2020.2.1f1 (270dd8c3da1c)
[Subsystems] Discovering subsystems at path D:/2020.2.1f1/Editor/Data/Resources/UnitySubsystems
[Subsystems] Discovering subsystems at path D:/GitHub/UnityProjects/Space Game/Assets
GfxDevice: creating device client; threaded=0
Direct3D:
    Version:  Direct3D 11.0 [level 11.1]
    Renderer: NVIDIA GeForce GTX 1060 6GB (ID=0x1c03)
    Vendor:   
    VRAM:     6052 MB
    Driver:   27.21.14.6079
Initialize mono
Mono path[0] = 'D:/2020.2.1f1/Editor/Data/Managed'
Mono path[1] = 'D:/2020.2.1f1/Editor/Data/MonoBleedingEdge/lib/mono/unityjit'
Mono config path = 'D:/2020.2.1f1/Editor/Data/MonoBleedingEdge/etc'
Using monoOptions --debugger-agent=transport=dt_socket,embedding=1,server=y,suspend=n,address=127.0.0.1:56716
Begin MonoManager ReloadAssembly
Registering precompiled unity dll's ...
Register platform support module: D:/2020.2.1f1/Editor/Data/PlaybackEngines/WindowsStandaloneSupport/UnityEditor.WindowsStandalone.Extensions.dll
Registered in 0.000733 seconds.
Native extension for WindowsStandalone target not found
Refreshing native plugins compatible for Editor in 19.46 ms, found 0 plugins.
Preloading 0 native plugins for Editor in 0.00 ms.
Invoked RoslynAnalysisRunner static constructor.
RoslynAnalysisRunner will not be running.
RoslynAnalysisRunner has terminated.
Mono: successfully reloaded assembly
- Completed reload, in  0.793 seconds
Platform modules already initialized, skipping
Registering precompiled user dll's ...
Registered in 0.000363 seconds.
Begin MonoManager ReloadAssembly
Native extension for WindowsStandalone target not found
Refreshing native plugins compatible for Editor in 0.19 ms, found 0 plugins.
Preloading 0 native plugins for Editor in 0.00 ms.
Invoked RoslynAnalysisRunner static constructor.
RoslynAnalysisRunner will not be running.
RoslynAnalysisRunner has terminated.
Mono: successfully reloaded assembly
- Completed reload, in  0.676 seconds
Platform modules already initialized, skipping
========================================================================
Worker process is ready to serve import requests
Launched and connected shader compiler UnityShaderCompiler.exe after 0.04 seconds
Refreshing native plugins compatible for Editor in 0.19 ms, found 0 plugins.
Preloading 0 native plugins for Editor in 0.00 ms.
Unloading 1099 Unused Serialized files (Serialized files now loaded: 0)
System memory in use before: 57.8 MB.
System memory in use after: 57.8 MB.

Unloading 10 unused Assets to reduce memory usage. Loaded Objects now: 1548.
Total: 1.334500 ms (FindLiveObjects: 0.095000 ms CreateObjectMapping: 0.033000 ms MarkObjects: 1.156500 ms  DeleteObjects: 0.049300 ms)

========================================================================
Received Import Request.
  path: Assets/Prefabs/shipmodel 1.prefab
  artifactKey: Guid(c32281dd4d2ebbb419d2a849caf650ef) Importer(815301076,1909f56bfc062723c751e8b465ee728b)
Start importing Assets/Prefabs/shipmodel 1.prefab using Guid(c32281dd4d2ebbb419d2a849caf650ef) Importer(815301076,1909f56bfc062723c751e8b465ee728b)  -> (artifact id: '7d50dd2106167d21512e661e64696f05') in 0.074281 seconds
  Import took 0.076055 seconds .

========================================================================
Received Import Request.
  Time since last request: 0.000223 seconds.
  path: Assets/Prefabs/Enemy.prefab
  artifactKey: Guid(2b11e9db61e4f924ba37129700288eb6) Importer(815301076,1909f56bfc062723c751e8b465ee728b)
Start importing Assets/Prefabs/Enemy.prefab using Guid(2b11e9db61e4f924ba37129700288eb6) Importer(815301076,1909f56bfc062723c751e8b465ee728b)  -> (artifact id: '3c9c1ea473818bb653fd98c6b7f83305') in 0.006917 seconds
  Import took 0.008570 seconds .

========================================================================
Received Import Request.
  Time since last request: 8.931454 seconds.
  path: Assets/Prefabs/Enemy Ship.prefab
  artifactKey: Guid(c32281dd4d2ebbb419d2a849caf650ef) Importer(815301076,1909f56bfc062723c751e8b465ee728b)
Start importing Assets/Prefabs/Enemy Ship.prefab using Guid(c32281dd4d2ebbb419d2a849caf650ef) Importer(815301076,1909f56bfc062723c751e8b465ee728b)  -> (artifact id: '1b731c7bff3ce7803044f725f1a8adfa') in 0.023796 seconds
  Import took 0.025780 seconds .

========================================================================
Received Import Request.
  Time since last request: 0.000206 seconds.
  path: Assets/Prefabs/Enemy.prefab
  artifactKey: Guid(2b11e9db61e4f924ba37129700288eb6) Importer(815301076,1909f56bfc062723c751e8b465ee728b)
Start importing Assets/Prefabs/Enemy.prefab using Guid(2b11e9db61e4f924ba37129700288eb6) Importer(815301076,1909f56bfc062723c751e8b465ee728b)  -> (artifact id: 'fb716c3678853b4b869119d0e2ea3e61') in 0.008139 seconds
  Import took 0.009690 seconds .

========================================================================
Received Prepare
Registering precompiled user dll's ...
Registered in 0.000372 seconds.
Begin MonoManager ReloadAssembly
Native extension for WindowsStandalone target not found
Refreshing native plugins compatible for Editor in 0.20 ms, found 0 plugins.
Preloading 0 native plugins for Editor in 0.00 ms.
Invoked RoslynAnalysisRunner static constructor.
RoslynAnalysisRunner will not be running.
RoslynAnalysisRunner has terminated.
Mono: successfully reloaded assembly
- Completed reload, in  0.715 seconds
Platform modules already initialized, skipping
Refreshing native plugins compatible for Editor in 0.20 ms, found 0 plugins.
Preloading 0 native plugins for Editor in 0.00 ms.
Unloading 1094 Unused Serialized files (Serialized files now loaded: 0)
System memory in use before: 61.3 MB.
System memory in use after: 61.4 MB.

Unloading 5 unused Assets to reduce memory usage. Loaded Objects now: 1557.
Total: 1.370500 ms (FindLiveObjects: 0.134000 ms CreateObjectMapping: 0.057100 ms MarkObjects: 1.141700 ms  DeleteObjects: 0.036900 ms)

========================================================================
Received Import Request.
  Time since last request: 226.026668 seconds.
  path: Assets/Prefabs/Player.prefab
  artifactKey: Guid(08fc9afb56e353248aeddab35cb95f5e) Importer(815301076,1909f56bfc062723c751e8b465ee728b)
Start importing Assets/Prefabs/Player.prefab using Guid(08fc9afb56e353248aeddab35cb95f5e) Importer(815301076,1909f56bfc062723c751e8b465ee728b)  -> (artifact id: 'ceb6ab1011da4c1784657d2da91a43d2') in 0.046607 seconds
  Import took 0.048491 seconds .

========================================================================
Received Import Request.
  Time since last request: 1.247866 seconds.
  path: Assets/Prefabs/Enemy.prefab
  artifactKey: Guid(2b11e9db61e4f924ba37129700288eb6) Importer(815301076,1909f56bfc062723c751e8b465ee728b)
Start importing Assets/Prefabs/Enemy.prefab using Guid(2b11e9db61e4f924ba37129700288eb6) Importer(815301076,1909f56bfc062723c751e8b465ee728b)  -> (artifact id: 'cc52e01fcc2fc2803b108528a018f085') in 0.021822 seconds
  Import took 0.023693 seconds .

========================================================================
Received Import Request.
  Time since last request: 67.449115 seconds.
  path: Assets/Prefabs/Enemy Ship.prefab
  artifactKey: Guid(c32281dd4d2ebbb419d2a849caf650ef) Importer(815301076,1909f56bfc062723c751e8b465ee728b)
Start importing Assets/Prefabs/Enemy Ship.prefab using Guid(c32281dd4d2ebbb419d2a849caf650ef) Importer(815301076,1909f56bfc062723c751e8b465ee728b)  -> (artifact id: '309e845db28b6aba5aad0990dce5a3d6') in 0.032119 seconds
  Import took 0.035633 seconds .

========================================================================
Received Import Request.
  Time since last request: 0.000403 seconds.
  path: Assets/Prefabs/Enemy.prefab
  artifactKey: Guid(2b11e9db61e4f924ba37129700288eb6) Importer(815301076,1909f56bfc062723c751e8b465ee728b)
Start importing Assets/Prefabs/Enemy.prefab using Guid(2b11e9db61e4f924ba37129700288eb6) Importer(815301076,1909f56bfc062723c751e8b465ee728b)  -> (artifact id: '7d7e8ac161eb4bdd7b9a8de189c4c72b') in 0.016081 seconds
  Import took 0.020409 seconds .

========================================================================
Received Import Request.
  Time since last request: 2.087616 seconds.
  path: Assets/Prefabs/Enemy Ship.prefab
  artifactKey: Guid(c32281dd4d2ebbb419d2a849caf650ef) Importer(815301076,1909f56bfc062723c751e8b465ee728b)
Start importing Assets/Prefabs/Enemy Ship.prefab using Guid(c32281dd4d2ebbb419d2a849caf650ef) Importer(815301076,1909f56bfc062723c751e8b465ee728b)  -> (artifact id: 'ef37773cbd2730d92f3a8ea3222af037') in 0.032169 seconds
  Import took 0.034005 seconds .

========================================================================
Received Import Request.
  Time since last request: 0.000143 seconds.
  path: Assets/Prefabs/Enemy.prefab
  artifactKey: Guid(2b11e9db61e4f924ba37129700288eb6) Importer(815301076,1909f56bfc062723c751e8b465ee728b)
Start importing Assets/Prefabs/Enemy.prefab using Guid(2b11e9db61e4f924ba37129700288eb6) Importer(815301076,1909f56bfc062723c751e8b465ee728b)  -> (artifact id: 'e37f00ce98ace7831c2e96a080c9a828') in 0.005546 seconds
  Import took 0.007282 seconds .

========================================================================
Received Import Request.
  Time since last request: 33.758413 seconds.
  path: Assets/Prefabs/Enemy.prefab
  artifactKey: Guid(2b11e9db61e4f924ba37129700288eb6) Importer(815301076,1909f56bfc062723c751e8b465ee728b)
Start importing Assets/Prefabs/Enemy.prefab using Guid(2b11e9db61e4f924ba37129700288eb6) Importer(815301076,1909f56bfc062723c751e8b465ee728b)  -> (artifact id: '120842ed151e5c43ea532f9bf2d9c761') in 0.003224 seconds
  Import took 0.005455 seconds .

========================================================================
Received Import Request.
  Time since last request: 10.525027 seconds.
  path: Assets/Prefabs/Enemy Ship.prefab
  artifactKey: Guid(c32281dd4d2ebbb419d2a849caf650ef) Importer(815301076,1909f56bfc062723c751e8b465ee728b)
Start importing Assets/Prefabs/Enemy Ship.prefab using Guid(c32281dd4d2ebbb419d2a849caf650ef) Importer(815301076,1909f56bfc062723c751e8b465ee728b)  -> (artifact id: '1b638b07f4f4800182bda5733670f61e') in 0.001765 seconds
  Import took 0.003510 seconds .

========================================================================
Received Import Request.
  Time since last request: 0.000158 seconds.
  path: Assets/Prefabs/Enemy.prefab
  artifactKey: Guid(2b11e9db61e4f924ba37129700288eb6) Importer(815301076,1909f56bfc062723c751e8b465ee728b)
Start importing Assets/Prefabs/Enemy.prefab using Guid(2b11e9db61e4f924ba37129700288eb6) Importer(815301076,1909f56bfc062723c751e8b465ee728b)  -> (artifact id: '8f147c095d869a0e85759514b0b328e1') in 0.002221 seconds
  Import took 0.003767 seconds .

========================================================================
Received Import Request.
  Time since last request: 4.017726 seconds.
  path: Assets/Prefabs/Enemy Ship.prefab
  artifactKey: Guid(c32281dd4d2ebbb419d2a849caf650ef) Importer(815301076,1909f56bfc062723c751e8b465ee728b)
Start importing Assets/Prefabs/Enemy Ship.prefab using Guid(c32281dd4d2ebbb419d2a849caf650ef) Importer(815301076,1909f56bfc062723c751e8b465ee728b)  -> (artifact id: '1dbfee99da287a403d3af759be0f13a8') in 0.005255 seconds
  Import took 0.007109 seconds .

========================================================================
Received Import Request.
  Time since last request: 0.000235 seconds.
  path: Assets/Prefabs/Enemy.prefab
  artifactKey: Guid(2b11e9db61e4f924ba37129700288eb6) Importer(815301076,1909f56bfc062723c751e8b465ee728b)
Start importing Assets/Prefabs/Enemy.prefab using Guid(2b11e9db61e4f924ba37129700288eb6) Importer(815301076,1909f56bfc062723c751e8b465ee728b)  -> (artifact id: '19a1a003ccd169549dff03ad8da6231d') in 0.021735 seconds
  Import took 0.023331 seconds .

========================================================================
Received Import Request.
  Time since last request: 19.306297 seconds.
  path: Assets/Prefabs/Enemy Ship.prefab
  artifactKey: Guid(c32281dd4d2ebbb419d2a849caf650ef) Importer(815301076,1909f56bfc062723c751e8b465ee728b)
Start importing Assets/Prefabs/Enemy Ship.prefab using Guid(c32281dd4d2ebbb419d2a849caf650ef) Importer(815301076,1909f56bfc062723c751e8b465ee728b)  -> (artifact id: '77b4e4ed56ba49593c6e386f42c0e023') in 0.005521 seconds
  Import took 0.007427 seconds .

========================================================================
Received Import Request.
  Time since last request: 0.000166 seconds.
  path: Assets/Prefabs/Enemy.prefab
  artifactKey: Guid(2b11e9db61e4f924ba37129700288eb6) Importer(815301076,1909f56bfc062723c751e8b465ee728b)
Start importing Assets/Prefabs/Enemy.prefab using Guid(2b11e9db61e4f924ba37129700288eb6) Importer(815301076,1909f56bfc062723c751e8b465ee728b)  -> (artifact id: 'dcc220dc9f12a143ca8f44ca20c660cb') in 0.025859 seconds
  Import took 0.027440 seconds .

========================================================================
Received Import Request.
  Time since last request: 16.143965 seconds.
  path: Assets/Prefabs/Enemy Ship.prefab
  artifactKey: Guid(c32281dd4d2ebbb419d2a849caf650ef) Importer(815301076,1909f56bfc062723c751e8b465ee728b)
Start importing Assets/Prefabs/Enemy Ship.prefab using Guid(c32281dd4d2ebbb419d2a849caf650ef) Importer(815301076,1909f56bfc062723c751e8b465ee728b)  -> (artifact id: 'bbf89763e3f1742f4e9d3ddfa0ebde7e') in 0.005406 seconds
  Import took 0.007663 seconds .

========================================================================
Received Import Request.
  Time since last request: 0.000140 seconds.
  path: Assets/Prefabs/Enemy.prefab
  artifactKey: Guid(2b11e9db61e4f924ba37129700288eb6) Importer(815301076,1909f56bfc062723c751e8b465ee728b)
Start importing Assets/Prefabs/Enemy.prefab using Guid(2b11e9db61e4f924ba37129700288eb6) Importer(815301076,1909f56bfc062723c751e8b465ee728b)  -> (artifact id: 'a12af842178a3e114a796696858e60bf') in 0.025878 seconds
  Import took 0.027725 seconds .

========================================================================
Received Import Request.
  Time since last request: 47.308509 seconds.
  path: Assets/Prefabs/Enemy.prefab
  artifactKey: Guid(2b11e9db61e4f924ba37129700288eb6) Importer(815301076,1909f56bfc062723c751e8b465ee728b)
Start importing Assets/Prefabs/Enemy.prefab using Guid(2b11e9db61e4f924ba37129700288eb6) Importer(815301076,1909f56bfc062723c751e8b465ee728b)  -> (artifact id: '25486772909c5dc0fdfd4a426e2ce96d') in 0.028355 seconds
  Import took 0.031259 seconds .

========================================================================
Received Import Request.
  Time since last request: 2.343825 seconds.
  path: Assets/Prefabs/Enemy.prefab
  artifactKey: Guid(2b11e9db61e4f924ba37129700288eb6) Importer(815301076,1909f56bfc062723c751e8b465ee728b)
Start importing Assets/Prefabs/Enemy.prefab using Guid(2b11e9db61e4f924ba37129700288eb6) Importer(815301076,1909f56bfc062723c751e8b465ee728b)  -> (artifact id: 'c6e7fc88f5b987de449e2ede8572f93c') in 0.006778 seconds
  Import took 0.008685 seconds .

